  CombatersManager.c
g:\cprogram\demo\c-roguelite-game\demo\combatersmanager.c(72): warning C4244: “初始化”: 从“double”转换到“int”，可能丢失数据
  EventsManager.c
  GameControllor.c
g:\cprogram\demo\c-roguelite-game\demo\gamecontrollor.c(50): warning C4047: “==”:“Combater *”与“int”的间接级别不同
  GameDataBase.c
g:\cprogram\demo\c-roguelite-game\demo\gamedatabase.c(25): warning C4305: “初始化”: 从“double”到“float”截断
  MapManager.c
g:\cprogram\demo\c-roguelite-game\demo\mapmanager.c(76): warning C4013: “StartMapReading”未定义；假设外部返回 int
g:\cprogram\demo\c-roguelite-game\demo\mapmanager.c(104): warning C4013: “EndMapReading”未定义；假设外部返回 int
g:\cprogram\demo\c-roguelite-game\demo\mapmanager.c(154): warning C4477: “fscanf”: 格式字符串“%c”需要类型“char *”的参数，但可变参数 1 拥有了类型“int *”
  PlayersManager.c
g:\cprogram\demo\c-roguelite-game\demo\playersmanager.c(42): warning C4244: “*=”: 从“double”转换到“int”，可能丢失数据
g:\cprogram\demo\c-roguelite-game\demo\playersmanager.c(43): warning C4244: “*=”: 从“double”转换到“int”，可能丢失数据
g:\cprogram\demo\c-roguelite-game\demo\playersmanager.c(44): warning C4244: “*=”: 从“double”转换到“int”，可能丢失数据
g:\cprogram\demo\c-roguelite-game\demo\playersmanager.c(49): warning C4244: “*=”: 从“double”转换到“int”，可能丢失数据
  ViewControllor.c
  正在生成代码...
g:\cprogram\demo\c-roguelite-game\demo\viewcontrollor.c(59): warning C4716: “ShowLevelUp”: 必须返回一个值
g:\cprogram\demo\c-roguelite-game\demo\viewcontrollor.c(76): warning C4716: “ShowTip”: 必须返回一个值
g:\cprogram\demo\c-roguelite-game\demo\viewcontrollor.c(84): warning C4716: “ShowMenu”: 必须返回一个值
g:\cprogram\demo\c-roguelite-game\demo\playersmanager.c(78): warning C4716: “WinTheFight”: 必须返回一个值
g:\cprogram\demo\c-roguelite-game\demo\mapmanager.c(142): warning C4716: “SetMapPos”: 必须返回一个值
g:\cprogram\demo\c-roguelite-game\demo\mapmanager.c(147): warning C4716: “SetOriginalPos”: 必须返回一个值
g:\cprogram\demo\c-roguelite-game\demo\mapmanager.c(223): warning C4716: “Move”: 必须返回一个值
g:\cprogram\demo\c-roguelite-game\demo\mapmanager.c(229): warning C4716: “PlayerMove”: 必须返回一个值
g:\cprogram\demo\c-roguelite-game\demo\gamecontrollor.c(54): warning C4716: “PlayerFight”: 必须返回一个值
g:\cprogram\demo\c-roguelite-game\demo\gamecontrollor.c(69): warning C4716: “PlayerMover”: 必须返回一个值
  demo.vcxproj -> G:\CProgram\demo\C-Roguelite-Game\Debug\demo.exe
